<?xml version="1.0" encoding="UTF-8"?>
<testng-results skipped="0" failed="0" ignored="0" total="1" passed="1">
  <reporter-output>
  </reporter-output>
  <suite name="HomeLoans_V1" duration-ms="8339" started-at="2021-06-22T16:53:22Z" finished-at="2021-06-22T16:53:30Z">
    <groups>
    </groups>
    <test name="BankingApp Test" duration-ms="8339" started-at="2021-06-22T16:53:22Z" finished-at="2021-06-22T16:53:30Z">
      <class name="com.homeloans.testcases.TC_LoginTest_001">
        <test-method status="PASS" signature="setup(java.lang.String)[pri:0, instance:com.homeloans.testcases.TC_LoginTest_001@39c0f4a]" name="setup" is-config="true" duration-ms="6823" started-at="2021-06-22T16:53:22Z" finished-at="2021-06-22T16:53:29Z">
          <params>
            <param index="0">
              <value>
                <![CDATA[chrome]]>
              </value>
            </param>
          </params>
          <reporter-output>
          </reporter-output>
        </test-method> <!-- setup -->
        <test-method status="PASS" signature="loginTest()[pri:0, instance:com.homeloans.testcases.TC_LoginTest_001@39c0f4a]" name="loginTest" duration-ms="655" started-at="2021-06-22T16:53:29Z" finished-at="2021-06-22T16:53:29Z">
          <reporter-output>
          </reporter-output>
        </test-method> <!-- loginTest -->
        <test-method status="PASS" signature="tearDown()[pri:0, instance:com.homeloans.testcases.TC_LoginTest_001@39c0f4a]" name="tearDown" is-config="true" duration-ms="684" started-at="2021-06-22T16:53:29Z" finished-at="2021-06-22T16:53:30Z">
          <reporter-output>
          </reporter-output>
        </test-method> <!-- tearDown -->
      </class> <!-- com.homeloans.testcases.TC_LoginTest_001 -->
    </test> <!-- BankingApp Test -->
  </suite> <!-- HomeLoans_V1 -->
</testng-results>
